<?xml version="1.0" encoding="UTF-8"?>
<!-- Generated by org.testng.reporters.JUnitReportReporter -->
<testsuite hostname="LAPTOP-3NPM5AHR" failures="0" tests="1" name="com.sourcepro.Materials.ItemMasterBasicDetailEntry.ItemMasterBasicDetailEntryIndex" time="115.350" errors="0" timestamp="2022-06-20T10:59:21 IST" skipped="0">
  <testcase classname="com.sourcepro.Materials.ItemMasterBasicDetailEntry.ItemMasterBasicDetailEntryIndex" name="ItemMasterBasicDetailEntryAdd" time="115.350"/>
  <system-out>
    <![CDATA[Click on Materials menu.</br>
Click on Item Master Basic Detail - Entry sub menu.</br>
Verify table loaded succesfully.</br>
Table loaded succesfully.  <Strong><font color=#32cd32><b> &#10004 Pass</b></font></strong></br>
Click on add new in Item Master Basic Detail - Entry.</br>
Enter Item Code.</br>
Entered value is: KIWIQATlgStirn</br>
Enter Item Description.</br>
Entered value is: Test item's name 123 edit</br>
Enter Item Class.</br>
Selected value is: 100 - Manufacturing Assembly</br>
Enter Item Type.</br>
Selected value is: Manufacturing</br>
Enter Unit Of Measurement.</br>
Selected value is: NOS - Number</br>
Select Linked Items and enter linked item code.</br>
Select Drawing File.</br>
Verify file uploaded succesfully.</br>
File uploaded succesfully.  <Strong><font color=#32cd32><b> &#10004 Pass</b></font></strong></br>
Click on Save button.</br>
Verify created item succesfully.</br>
Item created succesfully.  <Strong><font color=#32cd32><b> &#10004 Pass</b></font></strong></br>
Edit created item.</br>
Search newly created item.</br>
Click on newly created item.</br>
Enter Updated Item Description.</br>
Entered value is: Edited</br>
Click on Save button.</br>
Verify created item succesfully.</br>
Item updated succesfully.  <Strong><font color=#32cd32><b> &#10004 Pass</b></font></strong></br>
<Strong><b>Add_Item Master Basic Detail - Entry is passed.</b></font></strong></br>]]>
  </system-out>
</testsuite> <!-- com.sourcepro.Materials.ItemMasterBasicDetailEntry.ItemMasterBasicDetailEntryIndex -->
